<?xml version="1.0" encoding="UTF-8"?>
<!-- Generated by org.testng.reporters.JUnitReportReporter -->
<testsuite hostname="DESKTOP-CVG92OM" failures="0" tests="2" name="app.Test1" time="71.970" errors="0" timestamp="2024-11-20T09:44:15 IST" skipped="0">
  <testcase classname="app.Test1" name="test_login1" time="55.181"/>
  <testcase classname="app.Test1" name="test_login2" time="16.789"/>
</testsuite> <!-- app.Test1 -->
