<?xml version="1.0" encoding="UTF-8"?>
<!-- Generated by org.testng.reporters.JUnitReportReporter -->
<testsuite hostname="DESKTOP-CVG92OM" failures="0" tests="1" name="app.Test2" time="51.696" errors="0" timestamp="2024-11-20T09:44:15 IST" skipped="0">
  <testcase classname="app.Test2" name="forget_password" time="51.696"/>
</testsuite> <!-- app.Test2 -->
